<?xml version="1.0" encoding="UTF-8"?>
<!-- Generated by org.testng.reporters.JUnitXMLReporter -->
<testsuite ignored="1" hostname="INLEN8520039525" failures="0" tests="5" name="Test cases" time="0.049" errors="0" timestamp="2024-12-25T22:55:06 IST">
  <testcase classname="org.example.testNG.Skip" name="startCar" time="0.005"/>
  <testcase classname="org.example.testNG.Skip" name="firstGear" time="0.001"/>
  <testcase classname="org.example.testNG.Skip" name="SecondGear" time="0.0"/>
  <testcase classname="org.example.testNG.Skip" name="thirdGear" time="0.0"/>
  <testcase classname="org.example.testNG.Skip" name="fourthGear" time="0.001"/>
  <testcase classname="org.example.testNG.Skip" name="skipATestcase" time="0.0">
    <ignored/>
  </testcase> <!-- skipATestcase -->
</testsuite> <!-- Test cases -->
